{"level":"info","message":"Model loaded successfully","service":"user-service","timestamp":"2024-06-12T13:34:25.935Z"}
{"level":"info","message":"Server running on http://localhost:3000","service":"user-service","timestamp":"2024-06-12T13:34:25.971Z"}
{"level":"info","message":"Prediction made: Batik Sulawesi Selatan Lontara","service":"user-service","timestamp":"2024-06-12T13:43:45.196Z"}
{"level":"info","message":"Prediction made: Batik Bali Barong","service":"user-service","timestamp":"2024-06-12T13:44:17.375Z"}
{"level":"info","message":"Prediction made: Batik Bali Barong","service":"user-service","timestamp":"2024-06-12T13:46:42.074Z"}
{"level":"error","message":"Error response: { statusCode: 404, error: 'Not Found', message: 'Not Found' }","service":"user-service","timestamp":"2024-06-12T13:49:18.994Z"}
{"level":"info","message":"Prediction made: Batik Bali Barong","service":"user-service","timestamp":"2024-06-12T13:50:18.548Z"}
{"level":"info","message":"Model loaded successfully","service":"user-service","timestamp":"2024-06-12T14:48:16.604Z"}
{"level":"info","message":"Server running on http://localhost:3000","service":"user-service","timestamp":"2024-06-12T14:48:16.708Z"}
{"level":"error","message":"Error response: { statusCode: 404, error: 'Not Found', message: 'Not Found' }","service":"user-service","timestamp":"2024-06-12T14:48:26.360Z"}
{"level":"error","message":"Error response: {\n  statusCode: 400,\n  error: 'Bad Request',\n  message: 'Invalid multipart payload format'\n}","service":"user-service","timestamp":"2024-06-12T14:49:22.121Z"}
{"level":"error","message":"Error response: {\n  statusCode: 400,\n  error: 'Bad Request',\n  message: 'Invalid multipart payload format'\n}","service":"user-service","timestamp":"2024-06-12T14:51:51.060Z"}
{"level":"error","message":"Error response: {\n  statusCode: 400,\n  error: 'Bad Request',\n  message: 'Invalid multipart payload format'\n}","service":"user-service","timestamp":"2024-06-12T14:53:13.458Z"}
{"level":"error","message":"Error response: {\n  statusCode: 400,\n  error: 'Bad Request',\n  message: 'Invalid multipart payload format'\n}","service":"user-service","timestamp":"2024-06-12T14:53:14.831Z"}
{"level":"info","message":"Prediction made: Batik Jawa Barat Megamendung","service":"user-service","timestamp":"2024-06-12T15:02:10.900Z"}
{"data":null,"isBoom":true,"isServer":false,"level":"error","message":"Error processing the request: No file uploaded","output":{"headers":{},"payload":{"error":"Bad Request","message":"No file uploaded","statusCode":400},"statusCode":400},"service":"user-service","stack":"Error: No file uploaded\n    at handler (/mnt/c/Users/HP/Downloads/batik-api/routes.js:39:22)\n    at exports.Manager.execute (/mnt/c/Users/HP/Downloads/batik-api/node_modules/@hapi/hapi/lib/toolkit.js:57:29)\n    at internals.handler (/mnt/c/Users/HP/Downloads/batik-api/node_modules/@hapi/hapi/lib/handler.js:46:48)\n    at exports.execute (/mnt/c/Users/HP/Downloads/batik-api/node_modules/@hapi/hapi/lib/handler.js:31:36)\n    at Request._lifecycle (/mnt/c/Users/HP/Downloads/batik-api/node_modules/@hapi/hapi/lib/request.js:370:68)\n    at async Request._execute (/mnt/c/Users/HP/Downloads/batik-api/node_modules/@hapi/hapi/lib/request.js:280:9)","timestamp":"2024-06-12T15:11:18.020Z"}
{"level":"error","message":"Error response: {\n  statusCode: 500,\n  error: 'Internal Server Error',\n  message: 'An internal server error occurred'\n}","service":"user-service","timestamp":"2024-06-12T15:11:18.021Z"}
{"data":null,"isBoom":true,"isServer":false,"level":"error","message":"Error processing the request: No file uploaded","output":{"headers":{},"payload":{"error":"Bad Request","message":"No file uploaded","statusCode":400},"statusCode":400},"service":"user-service","stack":"Error: No file uploaded\n    at handler (/mnt/c/Users/HP/Downloads/batik-api/routes.js:39:22)\n    at exports.Manager.execute (/mnt/c/Users/HP/Downloads/batik-api/node_modules/@hapi/hapi/lib/toolkit.js:57:29)\n    at internals.handler (/mnt/c/Users/HP/Downloads/batik-api/node_modules/@hapi/hapi/lib/handler.js:46:48)\n    at exports.execute (/mnt/c/Users/HP/Downloads/batik-api/node_modules/@hapi/hapi/lib/handler.js:31:36)\n    at Request._lifecycle (/mnt/c/Users/HP/Downloads/batik-api/node_modules/@hapi/hapi/lib/request.js:370:68)\n    at async Request._execute (/mnt/c/Users/HP/Downloads/batik-api/node_modules/@hapi/hapi/lib/request.js:280:9)","timestamp":"2024-06-12T15:11:24.762Z"}
{"level":"error","message":"Error response: {\n  statusCode: 500,\n  error: 'Internal Server Error',\n  message: 'An internal server error occurred'\n}","service":"user-service","timestamp":"2024-06-12T15:11:24.763Z"}
{"level":"info","message":"Prediction made: Batik Jawa Barat Megamendung","service":"user-service","timestamp":"2024-06-12T15:11:30.601Z"}
{"level":"error","message":"Error processing the request: Error preprocessing image: Expected image (BMP, JPEG, PNG, or GIF), but got unsupported image type","service":"user-service","stack":"Error: Error preprocessing image: Expected image (BMP, JPEG, PNG, or GIF), but got unsupported image type\n    at preprocessImage (/mnt/c/Users/HP/Downloads/batik-api/utils.js:11:11)\n    at handler (/mnt/c/Users/HP/Downloads/batik-api/routes.js:43:29)","timestamp":"2024-06-12T15:12:05.416Z"}
{"level":"error","message":"Error response: {\n  statusCode: 500,\n  error: 'Internal Server Error',\n  message: 'An internal server error occurred'\n}","service":"user-service","timestamp":"2024-06-12T15:12:05.417Z"}
{"level":"info","message":"Prediction made: Batik Jawa Barat Megamendung","service":"user-service","timestamp":"2024-06-12T15:12:11.757Z"}
{"level":"info","message":"Model loaded successfully","service":"user-service","timestamp":"2024-06-12T15:21:42.032Z"}
{"level":"info","message":"Server running on http://localhost:3000","service":"user-service","timestamp":"2024-06-12T15:21:42.084Z"}
